<?xml version="1.0" encoding="UTF-8"?>
<!-- Generated by org.testng.reporters.JUnitReportReporter -->
<testsuite skipped="0" hostname="Seachange-PC" name="carsTesting.CreateNewJobTest" tests="1" failures="0" timestamp="15 Sep 2017 10:44:54 GMT" time="96.460" errors="0">
  <testcase name="CreateNewJob" time="96.460" classname="carsTesting.CreateNewJobTest"/>
</testsuite> <!-- carsTesting.CreateNewJobTest -->
